<?xml version="1.0" encoding="UTF-8"?>
<!-- Generated by org.testng.reporters.JUnitReportReporter -->
<testsuite hostname="DESKTOP-JKKH6Q5" failures="0" tests="1" name="com.eBanking.testcases.Practice" time="0.000" errors="0" timestamp="2023-06-23T23:07:49 IST" skipped="1">
  <testcase classname="com.eBanking.testcases.Practice" name="loinddt" time="0.000">
    <skipped/>
  </testcase> <!-- loinddt -->
  <system-out/>
</testsuite> <!-- com.eBanking.testcases.Practice -->
