<?xml version="1.0" encoding="UTF-8"?>
<!-- Generated by org.testng.reporters.JUnitReportReporter -->
<testsuite hostname="DESKTOP-JKKH6Q5" failures="0" tests="1" name="com.eBanking.testcases.HomePage_TC_002Test" time="8.946" errors="0" timestamp="2023-06-27T20:57:30 IST" skipped="0">
  <testcase classname="com.eBanking.testcases.HomePage_TC_002Test" name="homePage_TC_002Test" time="8.946"/>
  <system-out/>
</testsuite> <!-- com.eBanking.testcases.HomePage_TC_002Test -->
