<?xml version="1.0" encoding="UTF-8"?>
<!-- Generated by org.testng.reporters.JUnitReportReporter -->
<testsuite hostname="DESKTOP-JKKH6Q5" failures="0" tests="1" name="com.eBanking.testcases.Practice1" time="13.585" errors="0" timestamp="2023-06-27T19:36:54 IST" skipped="0">
  <testcase classname="com.eBanking.testcases.Practice1" name="launch" time="13.585"/>
  <system-out/>
</testsuite> <!-- com.eBanking.testcases.Practice1 -->
